<?xml version="1.0" encoding="UTF-8"?>
<testng-results skipped="0" failed="0" total="1" passed="1">
  <reporter-output>
  </reporter-output>
  <suite name="Default suite" duration-ms="8554" started-at="2017-10-26T13:13:03Z" finished-at="2017-10-26T13:13:12Z">
    <groups>
    </groups>
    <test name="Default test" duration-ms="8554" started-at="2017-10-26T13:13:03Z" finished-at="2017-10-26T13:13:12Z">
      <class name="pack1.Test2">
        <test-method status="PASS" signature="open_browser()[pri:0, instance:pack1.Test2@63d4e2ba]" name="open_browser" duration-ms="8543" started-at="2017-10-26T18:43:03Z" finished-at="2017-10-26T18:43:12Z">
          <reporter-output>
          </reporter-output>
        </test-method> <!-- open_browser -->
      </class> <!-- pack1.Test2 -->
    </test> <!-- Default test -->
  </suite> <!-- Default suite -->
</testng-results>
