<?xml version="1.0" encoding="UTF-8"?>
<!-- Generated by org.testng.reporters.JUnitXMLReporter -->
<testsuite hostname="SYS120" name="Test" tests="5" failures="1" timestamp="25 Oct 2017 13:34:01 GMT" time="0.043" errors="0">
  <testcase name="getdata" time="0.006" classname="pack1.Test1"/>
  <testcase name="getdata" time="0.001" classname="pack1.Test1"/>
  <testcase name="testCase2" time="0.001" classname="pack1.Test1"/>
  <testcase name="testCase3" time="0.005" classname="pack1.Test1">
    <failure type="java.lang.AssertionError" message="expected [sekar] but found [Raja]">
      <![CDATA[java.lang.AssertionError: expected [sekar] but found [Raja]
	at pack1.Test1.testCase3(Test1.java:30)
... Removed 30 stack frames]]>
    </failure>
  </testcase> <!-- testCase3 -->
  <testcase name="testCase4" time="0.001" classname="pack1.Test1"/>
</testsuite> <!-- Test -->
